# JRE version: OpenJDK Runtime Environment AdoptOpenJDK (11.0.8+10) (build 11.0.8+10)
# Java VM: OpenJDK 64-Bit Server VM AdoptOpenJDK (11.0.8+10, mixed mode, tiered, compressed oops, g1 gc, bsd-amd64)
Heap:
 garbage-first heap   total 81920K, used 54175K [0x0000000780000000, 0x0000000800000000)
  region size 1024K, 22 young (22528K), 1 survivors (1024K)
 Metaspace       used 58033K, capacity 60002K, committed 60240K, reserved 1101824K
  class space    used 7166K, capacity 7900K, committed 7936K, reserved 1048576K
GC Heap History (20 events):
Event: 518.673 GC heap after
{Heap after GC invocations=20 (full 3):
 garbage-first heap   total 81920K, used 26754K [0x0000000780000000, 0x0000000800000000)
  region size 1024K, 3 young (3072K), 3 survivors (3072K)
 Metaspace       used 57106K, capacity 58933K, committed 59088K, reserved 1101824K
  class space    used 7073K, capacity 7755K, committed 7808K, reserved 1048576K
}
Event: 557.029 GC heap before
{Heap before GC invocations=20 (full 3):
 garbage-first heap   total 81920K, used 40066K [0x0000000780000000, 0x0000000800000000)
  region size 1024K, 17 young (17408K), 3 survivors (3072K)
 Metaspace       used 57185K, capacity 59003K, committed 59088K, reserved 1101824K
  class space    used 7076K, capacity 7757K, committed 7808K, reserved 1048576K
}
Event: 557.149 GC heap after
{Heap after GC invocations=21 (full 4):
 garbage-first heap   total 81920K, used 23818K [0x0000000780000000, 0x0000000800000000)
  region size 1024K, 0 young (0K), 0 survivors (0K)
 Metaspace       used 57174K, capacity 58985K, committed 59088K, reserved 1101824K
  class space    used 7075K, capacity 7753K, committed 7808K, reserved 1048576K
}
Event: 557.642 GC heap before
{Heap before GC invocations=21 (full 4):
 garbage-first heap   total 81920K, used 64778K [0x0000000780000000, 0x0000000800000000)
  region size 1024K, 41 young (41984K), 0 survivors (0K)
 Metaspace       used 57252K, capacity 59105K, committed 59344K, reserved 1101824K
  class space    used 7085K, capacity 7793K, committed 7808K, reserved 1048576K
}
Event: 557.648 GC heap after
{Heap after GC invocations=22 (full 4):
 garbage-first heap   total 81920K, used 25998K [0x0000000780000000, 0x0000000800000000)
  region size 1024K, 3 young (3072K), 3 survivors (3072K)
 Metaspace       used 57252K, capacity 59105K, committed 59344K, reserved 1101824K
  class space    used 7085K, capacity 7793K, committed 7808K, reserved 1048576K
}
Event: 574.641 GC heap before
{Heap before GC invocations=22 (full 4):
 garbage-first heap   total 81920K, used 63886K [0x0000000780000000, 0x0000000800000000)
  region size 1024K, 41 young (41984K), 3 survivors (3072K)
 Metaspace       used 57385K, capacity 59245K, committed 59344K, reserved 1101824K
  class space    used 7098K, capacity 7795K, committed 7808K, reserved 1048576K
}
Event: 574.646 GC heap after
{Heap after GC invocations=23 (full 4):
 garbage-first heap   total 81920K, used 26890K [0x0000000780000000, 0x0000000800000000)
  region size 1024K, 3 young (3072K), 3 survivors (3072K)
 Metaspace       used 57385K, capacity 59245K, committed 59344K, reserved 1101824K
  class space    used 7098K, capacity 7795K, committed 7808K, reserved 1048576K
}
Event: 712.192 GC heap before
{Heap before GC invocations=23 (full 4):
 garbage-first heap   total 81920K, used 66826K [0x0000000780000000, 0x0000000800000000)
  region size 1024K, 42 young (43008K), 3 survivors (3072K)
 Metaspace       used 57385K, capacity 59245K, committed 59344K, reserved 1101824K
  class space    used 7098K, capacity 7795K, committed 7808K, reserved 1048576K
}
Event: 712.196 GC heap after
{Heap after GC invocations=24 (full 4):
 garbage-first heap   total 81920K, used 26890K [0x0000000780000000, 0x0000000800000000)
  region size 1024K, 3 young (3072K), 3 survivors (3072K)
 Metaspace       used 57385K, capacity 59245K, committed 59344K, reserved 1101824K
  class space    used 7098K, capacity 7795K, committed 7808K, reserved 1048576K
}
Event: 774.888 GC heap before
{Heap before GC invocations=24 (full 4):
 garbage-first heap   total 81920K, used 46346K [0x0000000780000000, 0x0000000800000000)
  region size 1024K, 23 young (23552K), 3 survivors (3072K)
 Metaspace       used 57446K, capacity 59315K, committed 59600K, reserved 1101824K
  class space    used 7101K, capacity 7797K, committed 7808K, reserved 1048576K
}
Event: 774.969 GC heap after
{Heap after GC invocations=25 (full 5):
 garbage-first heap   total 81920K, used 23934K [0x0000000780000000, 0x0000000800000000)
  region size 1024K, 0 young (0K), 0 survivors (0K)
 Metaspace       used 57436K, capacity 59297K, committed 59600K, reserved 1101824K
  class space    used 7099K, capacity 7793K, committed 7808K, reserved 1048576K
}
Event: 775.477 GC heap before
{Heap before GC invocations=25 (full 5):
 garbage-first heap   total 81920K, used 64894K [0x0000000780000000, 0x0000000800000000)
  region size 1024K, 41 young (41984K), 0 survivors (0K)
 Metaspace       used 57554K, capacity 59483K, committed 59728K, reserved 1101824K
  class space    used 7118K, capacity 7847K, committed 7936K, reserved 1048576K
}
Event: 775.481 GC heap after
{Heap after GC invocations=26 (full 5):
 garbage-first heap   total 81920K, used 25982K [0x0000000780000000, 0x0000000800000000)
  region size 1024K, 2 young (2048K), 2 survivors (2048K)
 Metaspace       used 57554K, capacity 59483K, committed 59728K, reserved 1101824K
  class space    used 7118K, capacity 7847K, committed 7936K, reserved 1048576K
}
Event: 790.822 GC heap before
{Heap before GC invocations=26 (full 5):
 garbage-first heap   total 81920K, used 65918K [0x0000000780000000, 0x0000000800000000)
  region size 1024K, 42 young (43008K), 2 survivors (2048K)
 Metaspace       used 57712K, capacity 59656K, committed 59984K, reserved 1101824K
  class space    used 7134K, capacity 7856K, committed 7936K, reserved 1048576K
}
Event: 790.827 GC heap after
{Heap after GC invocations=27 (full 5):
 garbage-first heap   total 81920K, used 28456K [0x0000000780000000, 0x0000000800000000)
  region size 1024K, 5 young (5120K), 5 survivors (5120K)
 Metaspace       used 57712K, capacity 59656K, committed 59984K, reserved 1101824K
  class space    used 7134K, capacity 7856K, committed 7936K, reserved 1048576K
}
Event: 820.813 GC heap before
{Heap before GC invocations=27 (full 5):
 garbage-first heap   total 81920K, used 65320K [0x0000000780000000, 0x0000000800000000)
  region size 1024K, 42 young (43008K), 5 survivors (5120K)
 Metaspace       used 57915K, capacity 59917K, committed 60240K, reserved 1101824K
  class space    used 7161K, capacity 7895K, committed 7936K, reserved 1048576K
}
Event: 820.820 GC heap after
{Heap after GC invocations=28 (full 5):
 garbage-first heap   total 81920K, used 31760K [0x0000000780000000, 0x0000000800000000)
  region size 1024K, 6 young (6144K), 6 survivors (6144K)
 Metaspace       used 57915K, capacity 59917K, committed 60240K, reserved 1101824K
  class space    used 7161K, capacity 7895K, committed 7936K, reserved 1048576K
}
Event: 936.500 GC heap before
{Heap before GC invocations=28 (full 5):
 garbage-first heap   total 81920K, used 65552K [0x0000000780000000, 0x0000000800000000)
  region size 1024K, 39 young (39936K), 6 survivors (6144K)
 Metaspace       used 57915K, capacity 59917K, committed 60240K, reserved 1101824K
  class space    used 7161K, capacity 7895K, committed 7936K, reserved 1048576K
}
Event: 936.507 GC heap after
{Heap after GC invocations=29 (full 5):
 garbage-first heap   total 81920K, used 32731K [0x0000000780000000, 0x0000000800000000)
  region size 1024K, 1 young (1024K), 1 survivors (1024K)
 Metaspace       used 57915K, capacity 59917K, committed 60240K, reserved 1101824K
  class space    used 7161K, capacity 7895K, committed 7936K, reserved 1048576K
}
Event: 1002.074 GC heap before
{Heap before GC invocations=29 (full 5):
 garbage-first heap   total 81920K, used 53211K [0x0000000780000000, 0x0000000800000000)
  region size 1024K, 22 young (22528K), 1 survivors (1024K)
 Metaspace       used 58033K, capacity 60002K, committed 60240K, reserved 1101824K
  class space    used 7166K, capacity 7900K, committed 7936K, reserved 1048576K
}

